<?xml version="1.0" encoding="UTF-8"?>
<testsuite name="[17] org.gecko.codec.mongo.test;1.0.0.202407231336-SNAPSHOT" tests="1" skipped="0" failures="0" errors="0" time="0.718" hostname="ilenia-XPS-15-9520" timestamp="2024-07-23T15:36:40">
<properties>
<property name="file.encoding" value="UTF-8"/>
<property name="file.separator" value="/"/>
<property name="java.class.path" value="/opt/git/org.gecko.codec/cnf/cache/7.0.0/bnd-cache/biz.aQute.launcher/biz.aQute.launcher.pre.jar"/>
<property name="java.class.version" value="61.0"/>
<property name="java.home" value="/usr/lib/jvm/java-17-openjdk-amd64"/>
<property name="java.io.tmpdir" value="/tmp"/>
<property name="java.library.path" value="/usr/java/packages/lib:/usr/lib/x86_64-linux-gnu/jni:/lib/x86_64-linux-gnu:/usr/lib/x86_64-linux-gnu:/usr/lib/jni:/lib:/usr/lib"/>
<property name="java.runtime.name" value="OpenJDK Runtime Environment"/>
<property name="java.runtime.version" value="17.0.11+9-Ubuntu-122.04.1"/>
<property name="java.specification.name" value="Java Platform API Specification"/>
<property name="java.specification.vendor" value="Oracle Corporation"/>
<property name="java.specification.version" value="17"/>
<property name="java.vendor" value="Ubuntu"/>
<property name="java.vendor.url" value="https://ubuntu.com/"/>
<property name="java.vendor.url.bug" value="https://bugs.launchpad.net/ubuntu/+source/openjdk-17"/>
<property name="java.version" value="17.0.11"/>
<property name="java.version.date" value="2024-04-16"/>
<property name="java.vm.compressedOopsMode" value="Zero based"/>
<property name="java.vm.info" value="mixed mode, sharing"/>
<property name="java.vm.name" value="OpenJDK 64-Bit Server VM"/>
<property name="java.vm.specification.name" value="Java Virtual Machine Specification"/>
<property name="java.vm.specification.vendor" value="Oracle Corporation"/>
<property name="java.vm.specification.version" value="17"/>
<property name="java.vm.vendor" value="Ubuntu"/>
<property name="java.vm.version" value="17.0.11+9-Ubuntu-122.04.1"/>
<property name="jdk.debug" value="release"/>
<property name="launch.activation.eager" value="false"/>
<property name="launch.activators" value=""/>
<property name="launch.bundles" value="/home/ilenia/.m2/repository/org/apache/felix/org.apache.felix.configadmin/1.9.26/org.apache.felix.configadmin-1.9.26.jar,/home/ilenia/.m2/repository/org/apache/felix/org.apache.felix.scr/2.2.6/org.apache.felix.scr-2.2.6.jar,/home/ilenia/.m2/repository/org/geckoprojects/emf/utils/org.gecko.emf.collections/2.2.2/org.gecko.emf.collections-2.2.2.jar,/opt/git/org.gecko.codec/cnf/local/org.gecko.emf.mongo.component/org.gecko.emf.mongo.component-6.1.0.jar,/home/ilenia/.m2/repository/org/geckoprojects/emf/org.gecko.emf.osgi.api/6.0.0/org.gecko.emf.osgi.api-6.0.0.jar,/opt/git/org.gecko.codec/cnf/local/org.gecko.mongo.osgi.component/org.gecko.mongo.osgi.component-6.1.0.jar,/home/ilenia/.m2/repository/org/mongodb/mongo-java-driver/3.12.14/mongo-java-driver-3.12.14.jar,/home/ilenia/.m2/repository/org/osgi/org.osgi.service.component/1.5.1/org.osgi.service.component-1.5.1.jar,/home/ilenia/.m2/repository/org/osgi/org.osgi.service.log/1.5.0/org.osgi.service.log-1.5.0.jar,/home/ilenia/.m2/repository/org/osgi/org.osgi.service.metatype/1.4.1/org.osgi.service.metatype-1.4.1.jar,/home/ilenia/.m2/repository/org/osgi/org.osgi.util.converter/1.0.9/org.osgi.util.converter-1.0.9.jar,/home/ilenia/.m2/repository/org/osgi/org.osgi.util.function/1.2.0/org.osgi.util.function-1.2.0.jar,/home/ilenia/.m2/repository/org/osgi/org.osgi.util.promise/1.3.0/org.osgi.util.promise-1.3.0.jar,/home/ilenia/.m2/repository/org/junit/jupiter/junit-jupiter-api/5.10.1/junit-jupiter-api-5.10.1.jar,/home/ilenia/.m2/repository/org/junit/jupiter/junit-jupiter-params/5.10.1/junit-jupiter-params-5.10.1.jar,/home/ilenia/.m2/repository/org/junit/platform/junit-platform-commons/1.10.1/junit-platform-commons-1.10.1.jar,/opt/git/org.gecko.codec/org.gecko.codec.mongo.test/generated/org.gecko.codec.mongo.test.jar,/home/ilenia/.m2/repository/org/geckoprojects/emf/org.gecko.emf.osgi.example.model.basic/6.0.0/org.gecko.emf.osgi.example.model.basic-6.0.0.jar,/home/ilenia/.m2/repository/org/opentest4j/opentest4j/1.3.0/opentest4j-1.3.0.jar,/home/ilenia/.m2/repository/org/osgi/org.osgi.test.common/1.2.1/org.osgi.test.common-1.2.1.jar,/home/ilenia/.m2/repository/org/osgi/org.osgi.test.junit5/1.2.1/org.osgi.test.junit5-1.2.1.jar,/home/ilenia/.m2/repository/org/osgi/org.osgi.test.junit5.cm/1.2.1/org.osgi.test.junit5.cm-1.2.1.jar,/home/ilenia/.m2/repository/com/fasterxml/jackson/core/jackson-core/2.16.1/jackson-core-2.16.1.jar,/home/ilenia/.m2/repository/com/fasterxml/jackson/core/jackson-annotations/2.16.1/jackson-annotations-2.16.1.jar,/home/ilenia/.m2/repository/com/fasterxml/jackson/core/jackson-databind/2.16.1/jackson-databind-2.16.1.jar,/opt/git/org.gecko.codec/org.gecko.codec/generated/org.gecko.codec.jar,/opt/git/org.gecko.codec/org.gecko.codec.emfjson/generated/org.gecko.codec.emfjson.jar,/opt/git/org.gecko.codec/org.gecko.codec.mongo/generated/org.gecko.codec.mongo.jar,/home/ilenia/.m2/repository/org/apache/felix/org.apache.felix.gogo.command/1.1.2/org.apache.felix.gogo.command-1.1.2.jar,/home/ilenia/.m2/repository/org/apache/felix/org.apache.felix.gogo.runtime/1.1.6/org.apache.felix.gogo.runtime-1.1.6.jar,/home/ilenia/.m2/repository/org/apache/felix/org.apache.felix.gogo.shell/1.1.4/org.apache.felix.gogo.shell-1.1.4.jar,/home/ilenia/.m2/repository/org/eclipse/emf/org.eclipse.emf.common/2.29.0/org.eclipse.emf.common-2.29.0.jar,/home/ilenia/.m2/repository/org/eclipse/emf/org.eclipse.emf.ecore/2.35.0/org.eclipse.emf.ecore-2.35.0.jar,/home/ilenia/.m2/repository/org/eclipse/emf/org.eclipse.emf.ecore.xmi/2.36.0/org.eclipse.emf.ecore.xmi-2.36.0.jar,/home/ilenia/.m2/repository/org/apache/felix/org.apache.felix.metatype/1.2.4/org.apache.felix.metatype-1.2.4.jar,/home/ilenia/.m2/repository/org/geckoprojects/emf/org.gecko.emf.osgi.component/6.0.0/org.gecko.emf.osgi.component-6.0.0.jar,/opt/git/org.gecko.codec/cnf/local/org.gecko.mongo.osgi.api/org.gecko.mongo.osgi.api-6.1.0.jar,/home/ilenia/.m2/repository/org/junit/platform/junit-platform-engine/1.10.1/junit-platform-engine-1.10.1.jar,/home/ilenia/.m2/repository/org/assertj/assertj-core/3.24.2/assertj-core-3.24.2.jar,/home/ilenia/.m2/repository/org/apiguardian/apiguardian-api/1.1.2/apiguardian-api-1.1.2.jar,/home/ilenia/.m2/repository/org/junit/jupiter/junit-jupiter-engine/5.10.1/junit-jupiter-engine-5.10.1.jar,/home/ilenia/.m2/repository/org/mockito/mockito-core/4.11.0/mockito-core-4.11.0.jar,/home/ilenia/.m2/repository/org/mockito/mockito-junit-jupiter/4.11.0/mockito-junit-jupiter-4.11.0.jar,/home/ilenia/.m2/repository/net/bytebuddy/byte-buddy/1.14.9/byte-buddy-1.14.9.jar,/home/ilenia/.m2/repository/org/objenesis/objenesis/3.3/objenesis-3.3.jar,/home/ilenia/.m2/repository/org/osgi/org.osgi.test.assertj.framework/1.2.1/org.osgi.test.assertj.framework-1.2.1.jar,/home/ilenia/.m2/repository/net/bytebuddy/byte-buddy-agent/1.14.9/byte-buddy-agent-1.14.9.jar,/home/ilenia/.m2/repository/biz/aQute/bnd/biz.aQute.tester.junit-platform/7.0.0/biz.aQute.tester.junit-platform-7.0.0.jar,/home/ilenia/.m2/repository/org/junit/platform/junit-platform-launcher/1.10.1/junit-platform-launcher-1.10.1.jar"/>
<property name="launch.embedded" value="false"/>
<property name="launch.framework.restart" value="false"/>
<property name="launch.framework.restart.count" value="0"/>
<property name="launch.keep" value="false"/>
<property name="launch.name" value="test.bndrun"/>
<property name="launch.noreferences" value="false"/>
<property name="launch.notificationPort" value="52569"/>
<property name="launch.services" value="true"/>
<property name="launch.system.packages" value="sun.misc,sun.reflect,org.jacoco.agent;version=&quot;0.8.8&quot;,org.osgi.dto;version=&quot;1.1.1&quot;,org.osgi.framework;version=&quot;1.10&quot;,org.osgi.framework.connect;uses:=&quot;org.osgi.framework,org.osgi.framework.launch&quot;;version=&quot;1.0&quot;,org.osgi.framework.dto;uses:=&quot;org.osgi.dto&quot;;version=&quot;1.8&quot;,org.osgi.framework.hooks.bundle;uses:=&quot;org.osgi.framework&quot;;version=&quot;1.1&quot;,org.osgi.framework.hooks.resolver;uses:=&quot;org.osgi.framework.wiring&quot;;version=&quot;1.0&quot;,org.osgi.framework.hooks.service;uses:=&quot;org.osgi.framework&quot;;version=&quot;1.1&quot;,org.osgi.framework.hooks.weaving;uses:=&quot;org.osgi.framework.wiring&quot;;version=&quot;1.1&quot;,org.osgi.framework.launch;uses:=&quot;org.osgi.framework&quot;;version=&quot;1.2&quot;,org.osgi.framework.namespace;uses:=&quot;org.osgi.resource&quot;;version=&quot;1.2&quot;,org.osgi.framework.startlevel;uses:=&quot;org.osgi.framework&quot;;version=&quot;1.0&quot;,org.osgi.framework.startlevel.dto;uses:=&quot;org.osgi.dto&quot;;version=&quot;1.0&quot;,org.osgi.framework.wiring;uses:=&quot;org.osgi.framework,org.osgi.resource&quot;;version=&quot;1.2&quot;,org.osgi.framework.wiring.dto;uses:=&quot;org.osgi.dto,org.osgi.resource.dto&quot;;version=&quot;1.3&quot;,org.osgi.resource;version=&quot;1.0.1&quot;,org.osgi.resource.dto;uses:=&quot;org.osgi.dto&quot;;version=&quot;1.0.1&quot;,org.osgi.service.condition;version=&quot;1.0&quot;,org.osgi.service.packageadmin;uses:=&quot;org.osgi.framework&quot;;version=&quot;1.2.1&quot;,org.osgi.service.resolver;uses:=&quot;org.osgi.resource&quot;;version=&quot;1.1.1&quot;,org.osgi.service.startlevel;uses:=&quot;org.osgi.framework&quot;;version=&quot;1.1.1&quot;,org.osgi.service.url;version=&quot;1.0.1&quot;,org.osgi.util.tracker;uses:=&quot;org.osgi.framework&quot;;version=&quot;1.5.3&quot;"/>
<property name="launch.timeout" value="0"/>
<property name="launch.trace" value="false"/>
<property name="launcher.properties" value="/opt/git/org.gecko.codec/org.gecko.codec.mongo.test/generated/launch1065177782985641755.properties"/>
<property name="launcher.runpath" value="/home/ilenia/.m2/repository/org/jacoco/org.jacoco.agent/0.8.8/org.jacoco.agent-0.8.8.jar,/home/ilenia/.m2/repository/org/jacoco/org.jacoco.agent/0.8.8/org.jacoco.agent-0.8.8-runtime.jar,/home/ilenia/.m2/repository/org/apache/felix/org.apache.felix.framework/7.0.5/org.apache.felix.framework-7.0.5.jar,/opt/git/org.gecko.codec/cnf/cache/7.0.0/bnd-cache/biz.aQute.launcher/biz.aQute.launcher-7.0.0.jar"/>
<property name="line.separator" value="
"/>
<property name="native.encoding" value="UTF-8"/>
<property name="os.arch" value="amd64"/>
<property name="os.name" value="Linux"/>
<property name="os.version" value="6.5.0-44-generic"/>
<property name="path.separator" value=":"/>
<property name="stderr.encoding" value="UTF-8"/>
<property name="stdout.encoding" value="UTF-8"/>
<property name="sun.arch.data.model" value="64"/>
<property name="sun.boot.library.path" value="/usr/lib/jvm/java-17-openjdk-amd64/lib"/>
<property name="sun.cpu.endian" value="little"/>
<property name="sun.io.unicode.encoding" value="UnicodeLittle"/>
<property name="sun.java.command" value="aQute.launcher.pre.EmbeddedLauncher"/>
<property name="sun.java.launcher" value="SUN_STANDARD"/>
<property name="sun.jnu.encoding" value="UTF-8"/>
<property name="sun.management.compiler" value="HotSpot 64-Bit Tiered Compilers"/>
<property name="tester.trace" value="true"/>
<property name="user.country" value="US"/>
<property name="user.dir" value="/opt/git/org.gecko.codec/org.gecko.codec.mongo.test"/>
<property name="user.home" value="/home/ilenia"/>
<property name="user.language" value="en"/>
<property name="user.name" value="ilenia"/>
<property name="user.timezone" value="Europe/Berlin"/>
</properties>
<testcase name="testCreateContainmentSingle()" classname="org.gecko.codec.mongo.test.MongoTest" time="0.427">
<system-out><![CDATA[Dropping DB
currentTypeDOCUMENT
start document
currentTypeOBJECT_ID
_id=get codec
currentTypeOBJECT_ID
669fb1e77f30c401a403651e
get text chars 669fb1e77f30c401a403651e
get text 669fb1e77f30c401a403651e
get text offset
get text length
get text 669fb1e77f30c401a403651e
currentTypeSTRING
_type=currentTypeSTRING
http://gecko.org/example/model/basic#//Person
get text http://gecko.org/example/model/basic#//Person
currentTypeSTRING
firstName=currentTypeSTRING
Mark
get text Mark
currentTypeSTRING
lastName=currentTypeSTRING
Hoffmann
get text Hoffmann
currentTypeARRAY
contact=currentTypeARRAY
start array
currentTypeDOCUMENT
start document
currentTypeSTRING
type=get codec
currentTypeSTRING
Skype
get text chars Skype
get text Skype
get text offset
get text length
get text Skype
currentTypeSTRING
value=currentTypeSTRING
charles-brown
get text chars charles-brown
get text charles-brown
get text offset
get text length
get text charles-brown
currentTypeSTRING
context=currentTypeSTRING
PRIVATE
get text chars PRIVATE
get text PRIVATE
get text offset
get text length
get text PRIVATE
currentTypeEND_OF_DOCUMENT
end document
currentTypeDOCUMENT
start document
currentTypeSTRING
type=get codec
currentTypeSTRING
Email
get text chars Email
get text Email
get text offset
get text length
get text Email
currentTypeSTRING
value=currentTypeSTRING
mark.hoffmann@tests.de
get text chars mark.hoffmann@tests.de
get text mark.hoffmann@tests.de
get text offset
get text length
get text mark.hoffmann@tests.de
currentTypeSTRING
context=currentTypeSTRING
WORK
get text chars WORK
get text WORK
get text offset
get text length
get text WORK
currentTypeEND_OF_DOCUMENT
end document
currentTypeEND_OF_DOCUMENT
end array
currentTypeSTRING
gender=currentTypeSTRING
MALE
get text MALE
currentTypeEND_OF_DOCUMENT
end document
close input
]]></system-out>
<system-err><![CDATA[Jul 23, 2024 3:36:39 PM com.mongodb.diagnostics.logging.JULLogger log
INFO: Opened connection [connectionId{localValue:2, serverValue:2}] to localhost:27017
]]></system-err>
</testcase>
</testsuite>
